\BOOKMARK [0][-]{chapter*.2}{Popis slika}{}% 1
\BOOKMARK [0][-]{chapter*.3}{Popis tablica}{}% 2
\BOOKMARK [0][-]{chapter*.3}{Popis kodova}{}% 3
\BOOKMARK [0][-]{chapter.1}{Uvod}{}% 4
\BOOKMARK [0][-]{chapter.2}{Ogranicavajuci volumeni \(eng. Bounding volumes\)}{}% 5
\BOOKMARK [1][-]{section.2.1}{AABB - Axis Aligned Bounding Box}{chapter.2}% 6
\BOOKMARK [2][-]{subsection.2.1.1}{Reprezentacije AABB-a}{section.2.1}% 7
\BOOKMARK [1][-]{section.2.2}{Kuglice}{chapter.2}% 8
\BOOKMARK [2][-]{subsection.2.2.1}{Implementacija klase za kuglice}{section.2.2}% 9
\BOOKMARK [0][-]{chapter.3}{Hijerarhija ogranicavajucih volumena \(eng. Bounding volume hierarchy\)}{}% 10
\BOOKMARK [1][-]{section.3.1}{AABB stablo}{chapter.3}% 11
\BOOKMARK [2][-]{subsection.3.1.1}{Ogranicavanje 2 AABB minimalnim volumenom}{section.3.1}% 12
\BOOKMARK [2][-]{subsection.3.1.2}{Izgradnja AABB stabla}{section.3.1}% 13
\BOOKMARK [2][-]{subsection.3.1.3}{Pronala\236enje sudara izmeu dva stabla}{section.3.1}% 14
\BOOKMARK [1][-]{section.3.2}{Prednosti i mane BVH-a}{chapter.3}% 15
\BOOKMARK [0][-]{chapter.4}{Sudari, fizika i vanjske sile}{}% 16
\BOOKMARK [1][-]{section.4.1}{Implementacija klase Vector 3D}{chapter.4}% 17
\BOOKMARK [1][-]{section.4.2}{Kretanje kuglica}{chapter.4}% 18
\BOOKMARK [1][-]{section.4.3}{Sudari kuglica}{chapter.4}% 19
\BOOKMARK [2][-]{subsection.4.3.1}{Sudari bez gubitka energije}{section.4.3}% 20
\BOOKMARK [2][-]{subsection.4.3.2}{Zidovi i klasa Wall}{section.4.3}% 21
\BOOKMARK [2][-]{subsection.4.3.3}{Sudari kuglica i zida}{section.4.3}% 22
\BOOKMARK [1][-]{section.4.4}{Sila te\236a}{chapter.4}% 23
\BOOKMARK [1][-]{section.4.5}{Elasticni sudari}{chapter.4}% 24
\BOOKMARK [0][-]{chapter.5}{Particioniranje prostora}{}% 25
\BOOKMARK [1][-]{section.5.1}{Primitivna detekcija sudara}{chapter.5}% 26
\BOOKMARK [1][-]{section.5.2}{k-d stablo \(K-dimensional tree\)}{chapter.5}% 27
\BOOKMARK [2][-]{subsection.5.2.1}{Izgradnja k-d stabla}{section.5.2}% 28
\BOOKMARK [2][-]{subsection.5.2.2}{Pretraga sudara u k-d stablu}{section.5.2}% 29
\BOOKMARK [2][-]{subsection.5.2.3}{Implementacija klase za k-d stablo}{section.5.2}% 30
\BOOKMARK [1][-]{section.5.3}{Prednosti i mane kori\235tenja algoritama za particioniranje prostora \(k-d stabla\)}{chapter.5}% 31
\BOOKMARK [0][-]{section.5.3}{Pojmovnik}{}% 32
\BOOKMARK [0][-]{section.5.3}{Sažetak}{}% 33
